{"uuid":"7b262090-6e37-44bf-8f1b-562e88320be2","historyId":"2777b90b3e603bdce4a1674057160fe2","fullName":"MainTest.lastTest","labels":[{"name":"package","value":"MainTest"},{"name":"testClass","value":"MainTest"},{"name":"testMethod","value":"lastTest"},{"name":"parentSuite","value":"Default Suite"},{"name":"suite","value":"FifthTask-GL99"},{"name":"subSuite","value":"MainTest"},{"name":"host","value":"SkylancerT2"},{"name":"thread","value":"6024@SkylancerT2.main(1)"},{"name":"framework","value":"testng"},{"name":"language","value":"java"}],"links":[],"name":"lastTest","status":"broken","statusDetails":{"known":false,"muted":false,"flaky":false,"message":"Text 'morpheus' could not be parsed at index 0 (through reference chain: Models.DateDeserializer[\"name\"])","trace":"com.fasterxml.jackson.databind.JsonMappingException: Text 'morpheus' could not be parsed at index 0 (through reference chain: Models.DateDeserializer[\"name\"])\r\n\tat com.fasterxml.jackson.databind.JsonMappingException.wrapWithPath(JsonMappingException.java:397)\r\n\tat com.fasterxml.jackson.databind.JsonMappingException.wrapWithPath(JsonMappingException.java:356)\r\n\tat com.fasterxml.jackson.databind.deser.BeanDeserializerBase.wrapAndThrow(BeanDeserializerBase.java:1714)\r\n\tat com.fasterxml.jackson.databind.deser.BeanDeserializer.vanillaDeserialize(BeanDeserializer.java:290)\r\n\tat com.fasterxml.jackson.databind.deser.BeanDeserializer.deserialize(BeanDeserializer.java:151)\r\n\tat com.fasterxml.jackson.databind.ObjectMapper._readMapAndClose(ObjectMapper.java:4218)\r\n\tat com.fasterxml.jackson.databind.ObjectMapper.readValue(ObjectMapper.java:3214)\r\n\tat com.fasterxml.jackson.databind.ObjectMapper$readValue$2.call(Unknown Source)\r\n\tat io.restassured.internal.path.json.mapping.JsonPathJackson2ObjectDeserializer.deserialize(JsonPathJackson2ObjectDeserializer.groovy:46)\r\n\tat io.restassured.path.json.mapping.JsonPathObjectDeserializer$deserialize.call(Unknown Source)\r\n\tat io.restassured.internal.mapping.Jackson2Mapper.deserialize(Jackson2Mapper.groovy:58)\r\n\tat io.restassured.mapper.ObjectMapper$deserialize$0.call(Unknown Source)\r\n\tat io.restassured.internal.mapping.ObjectMapping.parseWithJackson2(ObjectMapping.groovy:238)\r\n\tat io.restassured.internal.mapping.ObjectMapping$parseWithJackson2$1.callStatic(Unknown Source)\r\n\tat io.restassured.internal.mapping.ObjectMapping.deserialize(ObjectMapping.groovy:59)\r\n\tat io.restassured.internal.mapping.ObjectMapping$deserialize$0.call(Unknown Source)\r\n\tat io.restassured.internal.RestAssuredResponseOptionsGroovyImpl.as(RestAssuredResponseOptionsGroovyImpl.groovy:231)\r\n\tat io.restassured.internal.RestAssuredResponseOptionsImpl.as(RestAssuredResponseOptionsImpl.java:169)\r\n\tat Steps.LastCaseSteps.assertDate(LastCaseSteps.java:68)\r\n\tat MainTest.lastTest(MainTest.java:36)\r\n\tat java.base/jdk.internal.reflect.NativeMethodAccessorImpl.invoke0(Native Method)\r\n\tat java.base/jdk.internal.reflect.NativeMethodAccessorImpl.invoke(NativeMethodAccessorImpl.java:62)\r\n\tat java.base/jdk.internal.reflect.DelegatingMethodAccessorImpl.invoke(DelegatingMethodAccessorImpl.java:43)\r\n\tat java.base/java.lang.reflect.Method.invoke(Method.java:566)\r\n\tat org.testng.internal.MethodInvocationHelper.invokeMethod(MethodInvocationHelper.java:133)\r\n\tat org.testng.internal.TestInvoker.invokeMethod(TestInvoker.java:598)\r\n\tat org.testng.internal.TestInvoker.invokeTestMethod(TestInvoker.java:173)\r\n\tat org.testng.internal.MethodRunner.runInSequence(MethodRunner.java:46)\r\n\tat org.testng.internal.TestInvoker$MethodInvocationAgent.invoke(TestInvoker.java:824)\r\n\tat org.testng.internal.TestInvoker.invokeTestMethods(TestInvoker.java:146)\r\n\tat org.testng.internal.TestMethodWorker.invokeTestMethods(TestMethodWorker.java:146)\r\n\tat org.testng.internal.TestMethodWorker.run(TestMethodWorker.java:128)\r\n\tat java.base/java.util.ArrayList.forEach(ArrayList.java:1541)\r\n\tat org.testng.TestRunner.privateRun(TestRunner.java:794)\r\n\tat org.testng.TestRunner.run(TestRunner.java:596)\r\n\tat org.testng.SuiteRunner.runTest(SuiteRunner.java:377)\r\n\tat org.testng.SuiteRunner.runSequentially(SuiteRunner.java:371)\r\n\tat org.testng.SuiteRunner.privateRun(SuiteRunner.java:332)\r\n\tat org.testng.SuiteRunner.run(SuiteRunner.java:276)\r\n\tat org.testng.SuiteRunnerWorker.runSuite(SuiteRunnerWorker.java:53)\r\n\tat org.testng.SuiteRunnerWorker.run(SuiteRunnerWorker.java:96)\r\n\tat org.testng.TestNG.runSuitesSequentially(TestNG.java:1212)\r\n\tat org.testng.TestNG.runSuitesLocally(TestNG.java:1134)\r\n\tat org.testng.TestNG.runSuites(TestNG.java:1063)\r\n\tat org.testng.TestNG.run(TestNG.java:1031)\r\n\tat com.intellij.rt.testng.IDEARemoteTestNG.run(IDEARemoteTestNG.java:66)\r\n\tat com.intellij.rt.testng.RemoteTestNGStarter.main(RemoteTestNGStarter.java:109)\r\nCaused by: java.time.format.DateTimeParseException: Text 'morpheus' could not be parsed at index 0\r\n\tat java.base/java.time.format.DateTimeFormatter.parseResolved0(DateTimeFormatter.java:2046)\r\n\tat java.base/java.time.format.DateTimeFormatter.parse(DateTimeFormatter.java:1948)\r\n\tat java.base/java.time.LocalDateTime.parse(LocalDateTime.java:492)\r\n\tat Utils.LocalDateTimeDeserializer.deserialize(LocalDateTimeDeserializer.java:19)\r\n\tat Utils.LocalDateTimeDeserializer.deserialize(LocalDateTimeDeserializer.java:12)\r\n\tat com.fasterxml.jackson.databind.deser.impl.FieldProperty.deserializeAndSet(FieldProperty.java:138)\r\n\tat com.fasterxml.jackson.databind.deser.BeanDeserializer.vanillaDeserialize(BeanDeserializer.java:288)\r\n\t... 43 more\r\n"},"stage":"finished","steps":[{"name":"Make last call ","status":"passed","stage":"finished","steps":[],"attachments":[],"parameters":[],"start":1635864768020,"stop":1635864770788},{"name":"Assert last call response name ","status":"passed","stage":"finished","steps":[],"attachments":[],"parameters":[{"name":"name","value":"morpheus"}],"start":1635864770790,"stop":1635864770906},{"name":"Assert last call response job ","status":"passed","stage":"finished","steps":[],"attachments":[],"parameters":[{"name":"job","value":"leader"}],"start":1635864770906,"stop":1635864770907},{"name":"Assert last call response id ","status":"passed","stage":"finished","steps":[],"attachments":[],"parameters":[],"start":1635864770908,"stop":1635864770909},{"name":"Assert last call response createdAt ","status":"broken","statusDetails":{"known":false,"muted":false,"flaky":false,"message":"Text 'morpheus' could not be parsed at index 0 (through reference chain: Models.DateDeserializer[\"name\"])","trace":"com.fasterxml.jackson.databind.JsonMappingException: Text 'morpheus' could not be parsed at index 0 (through reference chain: Models.DateDeserializer[\"name\"])\r\n\tat com.fasterxml.jackson.databind.JsonMappingException.wrapWithPath(JsonMappingException.java:397)\r\n\tat com.fasterxml.jackson.databind.JsonMappingException.wrapWithPath(JsonMappingException.java:356)\r\n\tat com.fasterxml.jackson.databind.deser.BeanDeserializerBase.wrapAndThrow(BeanDeserializerBase.java:1714)\r\n\tat com.fasterxml.jackson.databind.deser.BeanDeserializer.vanillaDeserialize(BeanDeserializer.java:290)\r\n\tat com.fasterxml.jackson.databind.deser.BeanDeserializer.deserialize(BeanDeserializer.java:151)\r\n\tat com.fasterxml.jackson.databind.ObjectMapper._readMapAndClose(ObjectMapper.java:4218)\r\n\tat com.fasterxml.jackson.databind.ObjectMapper.readValue(ObjectMapper.java:3214)\r\n\tat com.fasterxml.jackson.databind.ObjectMapper$readValue$2.call(Unknown Source)\r\n\tat io.restassured.internal.path.json.mapping.JsonPathJackson2ObjectDeserializer.deserialize(JsonPathJackson2ObjectDeserializer.groovy:46)\r\n\tat io.restassured.path.json.mapping.JsonPathObjectDeserializer$deserialize.call(Unknown Source)\r\n\tat io.restassured.internal.mapping.Jackson2Mapper.deserialize(Jackson2Mapper.groovy:58)\r\n\tat io.restassured.mapper.ObjectMapper$deserialize$0.call(Unknown Source)\r\n\tat io.restassured.internal.mapping.ObjectMapping.parseWithJackson2(ObjectMapping.groovy:238)\r\n\tat io.restassured.internal.mapping.ObjectMapping$parseWithJackson2$1.callStatic(Unknown Source)\r\n\tat io.restassured.internal.mapping.ObjectMapping.deserialize(ObjectMapping.groovy:59)\r\n\tat io.restassured.internal.mapping.ObjectMapping$deserialize$0.call(Unknown Source)\r\n\tat io.restassured.internal.RestAssuredResponseOptionsGroovyImpl.as(RestAssuredResponseOptionsGroovyImpl.groovy:231)\r\n\tat io.restassured.internal.RestAssuredResponseOptionsImpl.as(RestAssuredResponseOptionsImpl.java:169)\r\n\tat Steps.LastCaseSteps.assertDate(LastCaseSteps.java:68)\r\n\tat MainTest.lastTest(MainTest.java:36)\r\n\tat java.base/jdk.internal.reflect.NativeMethodAccessorImpl.invoke0(Native Method)\r\n\tat java.base/jdk.internal.reflect.NativeMethodAccessorImpl.invoke(NativeMethodAccessorImpl.java:62)\r\n\tat java.base/jdk.internal.reflect.DelegatingMethodAccessorImpl.invoke(DelegatingMethodAccessorImpl.java:43)\r\n\tat java.base/java.lang.reflect.Method.invoke(Method.java:566)\r\n\tat org.testng.internal.MethodInvocationHelper.invokeMethod(MethodInvocationHelper.java:133)\r\n\tat org.testng.internal.TestInvoker.invokeMethod(TestInvoker.java:598)\r\n\tat org.testng.internal.TestInvoker.invokeTestMethod(TestInvoker.java:173)\r\n\tat org.testng.internal.MethodRunner.runInSequence(MethodRunner.java:46)\r\n\tat org.testng.internal.TestInvoker$MethodInvocationAgent.invoke(TestInvoker.java:824)\r\n\tat org.testng.internal.TestInvoker.invokeTestMethods(TestInvoker.java:146)\r\n\tat org.testng.internal.TestMethodWorker.invokeTestMethods(TestMethodWorker.java:146)\r\n\tat org.testng.internal.TestMethodWorker.run(TestMethodWorker.java:128)\r\n\tat java.base/java.util.ArrayList.forEach(ArrayList.java:1541)\r\n\tat org.testng.TestRunner.privateRun(TestRunner.java:794)\r\n\tat org.testng.TestRunner.run(TestRunner.java:596)\r\n\tat org.testng.SuiteRunner.runTest(SuiteRunner.java:377)\r\n\tat org.testng.SuiteRunner.runSequentially(SuiteRunner.java:371)\r\n\tat org.testng.SuiteRunner.privateRun(SuiteRunner.java:332)\r\n\tat org.testng.SuiteRunner.run(SuiteRunner.java:276)\r\n\tat org.testng.SuiteRunnerWorker.runSuite(SuiteRunnerWorker.java:53)\r\n\tat org.testng.SuiteRunnerWorker.run(SuiteRunnerWorker.java:96)\r\n\tat org.testng.TestNG.runSuitesSequentially(TestNG.java:1212)\r\n\tat org.testng.TestNG.runSuitesLocally(TestNG.java:1134)\r\n\tat org.testng.TestNG.runSuites(TestNG.java:1063)\r\n\tat org.testng.TestNG.run(TestNG.java:1031)\r\n\tat com.intellij.rt.testng.IDEARemoteTestNG.run(IDEARemoteTestNG.java:66)\r\n\tat com.intellij.rt.testng.RemoteTestNGStarter.main(RemoteTestNGStarter.java:109)\r\nCaused by: java.time.format.DateTimeParseException: Text 'morpheus' could not be parsed at index 0\r\n\tat java.base/java.time.format.DateTimeFormatter.parseResolved0(DateTimeFormatter.java:2046)\r\n\tat java.base/java.time.format.DateTimeFormatter.parse(DateTimeFormatter.java:1948)\r\n\tat java.base/java.time.LocalDateTime.parse(LocalDateTime.java:492)\r\n\tat Utils.LocalDateTimeDeserializer.deserialize(LocalDateTimeDeserializer.java:19)\r\n\tat Utils.LocalDateTimeDeserializer.deserialize(LocalDateTimeDeserializer.java:12)\r\n\tat com.fasterxml.jackson.databind.deser.impl.FieldProperty.deserializeAndSet(FieldProperty.java:138)\r\n\tat com.fasterxml.jackson.databind.deser.BeanDeserializer.vanillaDeserialize(BeanDeserializer.java:288)\r\n\t... 43 more\r\n"},"stage":"finished","steps":[],"attachments":[],"parameters":[{"name":"date","value":"2021-11-02T14:52+04:00[Asia/Tbilisi]"}],"start":1635864770909,"stop":1635864770941}],"attachments":[],"parameters":[],"start":1635864767946,"stop":1635864770943}